 JMAX=    6  MAXEX=   10  NMAX=  500  TMAX= 2999.00
 S=0.300  ALPH = 1.000e-05  DELT = 1.200e+03  DELX = 2.000e-01

 FTCS(EXPLICIT) SCHEME S = 0.300

 T=  1200  TD= 50.00 13.75 -1.25 -1.25 13.75 50.00
 T=  2400  TD=100.00 33.72  1.84  1.84 33.72100.00
 T=  3600  TD=100.00 43.98 11.34 11.34 43.98100.00

 T=  3600  TE=100.00 45.89 16.14 16.14 45.89100.00

  RMS DIF =  2.9811e+00

 JMAX=   11  MAXEX=   10  NMAX=  500  TMAX= 2999.00
 S=0.300  ALPH = 1.000e-05  DELT = 3.000e+02  DELX = 1.000e-01

 FTCS(EXPLICIT) SCHEME S = 0.300

 T=   300  TD= 50.00 13.75 -1.25  0.00  0.00  0.00  0.00  0.00 -1.25 13.75 50.00
 T=   600  TD=100.00 34.19  2.69 -0.84  0.03  0.00  0.03 -0.84  2.69 34.19100.00
 T=   900  TD=100.00 44.91 11.51  0.02 -0.40  0.07 -0.40  0.02 11.51 44.91100.00
 T=  1200  TD=100.00 51.69 18.36  3.33 -0.34 -0.30 -0.34  3.33 18.36 51.69100.00
 T=  1500  TD=100.00 56.44 24.11  6.75  0.67 -0.52  0.67  6.75 24.11 56.44100.00
 T=  1800  TD=100.00 60.00 28.79 10.20  2.04  0.07  2.04 10.20 28.79 60.00100.00
 T=  2100  TD=100.00 62.79 32.73 13.38  3.85  1.14  3.85 13.38 32.73 62.79100.00
 T=  2400  TD=100.00 65.04 36.05 16.38  5.86  2.70  5.86 16.38 36.05 65.04100.00
 T=  2700  TD=100.00 66.92 38.93 19.16  8.05  4.54  8.05 19.16 38.93 66.92100.00
 T=  3000  TD=100.00 68.52 41.47 21.80 10.32  6.61 10.32 21.80 41.47 68.52100.00

 T=  3000  TE=100.00 68.33 41.53 22.49 11.68  8.25 11.68 22.49 41.53 68.33100.00

  RMS DIF =  8.1981e-01

 JMAX=   21  MAXEX=   10  NMAX=  500  TMAX= 2999.00
 S=0.300  ALPH = 1.000e-05  DELT = 7.500e+01  DELX = 5.000e-02

 FTCS(EXPLICIT) SCHEME S = 0.300

 T=    75  TD= 50.00 13.75 -1.25  0.00  0.00  0.00  0.00  0.00  0.00  0.00  0.00  0.00  0.00  0.00  0.00  0.00  0.00  0.00 -1.25 13.75 50.00
 T=   150  TD=100.00 34.19  2.69 -0.84  0.03  0.00  0.00  0.00  0.00  0.00  0.00  0.00  0.00  0.00  0.00  0.00  0.03 -0.84  2.69 34.19100.00
 T=   225  TD=100.00 44.91 11.51  0.02 -0.40  0.03 -0.00  0.00  0.00  0.00  0.00  0.00  0.00  0.00 -0.00  0.03 -0.40  0.02 11.51 44.91100.00
 T=   300  TD=100.00 51.69 18.36  3.33 -0.36 -0.15  0.02 -0.00  0.00  0.00  0.00  0.00  0.00 -0.00  0.02 -0.15 -0.36  3.33 18.36 51.69100.00
 T=   375  TD=100.00 56.44 24.11  6.74  0.72 -0.26 -0.05  0.01 -0.00  0.00 -0.00  0.00 -0.00  0.01 -0.05 -0.26  0.72  6.74 24.11 56.44100.00
 T=   450  TD=100.00 59.99 28.78 10.21  2.17  0.04 -0.13 -0.01  0.01 -0.00  0.00 -0.00  0.01 -0.01 -0.13  0.04  2.17 10.21 28.78 59.99100.00
 T=   525  TD=100.00 62.78 32.72 13.43  3.93  0.57 -0.08 -0.05  0.00  0.00 -0.00  0.00  0.00 -0.05 -0.08  0.57  3.93 13.43 32.72 62.78100.00
 T=   600  TD=100.00 65.04 36.07 16.43  5.77  1.35  0.09 -0.06 -0.02  0.00  0.00  0.00 -0.02 -0.06  0.09  1.35  5.77 16.43 36.07 65.04100.00
 T=   675  TD=100.00 66.93 38.96 19.18  7.65  2.27  0.40 -0.02 -0.03 -0.00  0.00 -0.00 -0.03 -0.02  0.40  2.27  7.65 19.18 38.96 66.93100.00
 T=   750  TD=100.00 68.54 41.50 21.71  9.51  3.31  0.81  0.09 -0.03 -0.01 -0.00 -0.01 -0.03  0.09  0.81  3.31  9.51 21.71 41.50 68.54100.00
 T=   825  TD=100.00 69.93 43.74 24.03 11.33  4.41  1.32  0.25  0.00 -0.02 -0.01 -0.02  0.00  0.25  1.32  4.41 11.33 24.03 43.74 69.93100.00
 T=   900  TD=100.00 71.14 45.74 26.18 13.08  5.56  1.91  0.48  0.06 -0.01 -0.01 -0.01  0.06  0.48  1.91  5.56 13.08 26.18 45.74 71.14100.00
 T=   975  TD=100.00 72.22 47.53 28.15 14.77  6.72  2.56  0.77  0.16  0.00 -0.02  0.00  0.16  0.77  2.56  6.72 14.77 28.15 47.53 72.22100.00
 T=  1050  TD=100.00 73.19 49.16 29.99 16.39  7.89  3.26  1.11  0.29  0.04 -0.01  0.04  0.29  1.11  3.26  7.89 16.39 29.99 49.16 73.19100.00
 T=  1125  TD=100.00 74.06 50.65 31.69 17.94  9.06  4.00  1.50  0.45  0.09  0.01  0.09  0.45  1.50  4.00  9.06 17.94 31.69 50.65 74.06100.00
 T=  1200  TD=100.00 74.85 52.01 33.28 19.42 10.21  4.76  1.93  0.65  0.17  0.05  0.17  0.65  1.93  4.76 10.21 19.42 33.28 52.01 74.85100.00
 T=  1275  TD=100.00 75.57 53.27 34.77 20.83 11.35  5.54  2.39  0.88  0.27  0.12  0.27  0.88  2.39  5.54 11.35 20.83 34.77 53.27 75.57100.00
 T=  1350  TD=100.00 76.23 54.43 36.16 22.18 12.46  6.34  2.88  1.14  0.40  0.20  0.40  1.14  2.88  6.34 12.46 22.18 36.16 54.43 76.23100.00
 T=  1425  TD=100.00 76.84 55.51 37.47 23.47 13.55  7.13  3.39  1.43  0.56  0.31  0.56  1.43  3.39  7.13 13.55 23.47 37.47 55.51 76.84100.00
 T=  1500  TD=100.00 77.41 56.51 38.70 24.71 14.61  7.93  3.92  1.75  0.74  0.45  0.74  1.75  3.92  7.93 14.61 24.71 38.70 56.51 77.41100.00
 T=  1575  TD=100.00 77.93 57.45 39.86 25.89 15.64  8.73  4.47  2.09  0.95  0.62  0.95  2.09  4.47  8.73 15.64 25.89 39.86 57.45 77.93100.00
 T=  1650  TD=100.00 78.42 58.33 40.96 27.02 16.65  9.53  5.03  2.46  1.18  0.81  1.18  2.46  5.03  9.53 16.65 27.02 40.96 58.33 78.42100.00
 T=  1725  TD=100.00 78.88 59.16 42.01 28.10 17.63 10.32  5.61  2.84  1.45  1.03  1.45  2.84  5.61 10.32 17.63 28.10 42.01 59.16 78.88100.00
 T=  1800  TD=100.00 79.31 59.94 43.00 29.14 18.59 11.10  6.19  3.25  1.73  1.27  1.73  3.25  6.19 11.10 18.59 29.14 43.00 59.94 79.31100.00
 T=  1875  TD=100.00 79.72 60.68 43.94 30.14 19.52 11.88  6.78  3.67  2.04  1.54  2.04  3.67  6.78 11.88 19.52 30.14 43.94 60.68 79.72100.00
 T=  1950  TD=100.00 80.10 61.38 44.83 31.10 20.42 12.64  7.38  4.11  2.38  1.84  2.38  4.11  7.38 12.64 20.42 31.10 44.83 61.38 80.10100.00
 T=  2025  TD=100.00 80.46 62.04 45.69 32.03 21.30 13.40  7.98  4.57  2.73  2.15  2.73  4.57  7.98 13.40 21.30 32.03 45.69 62.04 80.46100.00
 T=  2100  TD=100.00 80.81 62.67 46.50 32.91 22.15 14.14  8.58  5.03  3.10  2.49  3.10  5.03  8.58 14.14 22.15 32.91 46.50 62.67 80.81100.00
 T=  2175  TD=100.00 81.13 63.27 47.29 33.77 22.98 14.88  9.18  5.52  3.50  2.85  3.50  5.52  9.18 14.88 22.98 33.77 47.29 63.27 81.13100.00
 T=  2250  TD=100.00 81.44 63.84 48.03 34.60 23.79 15.61  9.79  6.01  3.90  3.23  3.90  6.01  9.79 15.61 23.79 34.60 48.03 63.84 81.44100.00
 T=  2325  TD=100.00 81.73 64.39 48.75 35.40 24.58 16.32 10.40  6.51  4.33  3.63  4.33  6.51 10.40 16.32 24.58 35.40 48.75 64.39 81.73100.00
 T=  2400  TD=100.00 82.02 64.91 49.44 36.17 25.35 17.03 11.01  7.02  4.77  4.05  4.77  7.02 11.01 17.03 25.35 36.17 49.44 64.91 82.02100.00
 T=  2475  TD=100.00 82.28 65.41 50.11 36.91 26.10 17.72 11.62  7.54  5.23  4.48  5.23  7.54 11.62 17.72 26.10 36.91 50.11 65.41 82.28100.00
 T=  2550  TD=100.00 82.54 65.88 50.74 37.63 26.84 18.41 12.23  8.07  5.69  4.92  5.69  8.07 12.23 18.41 26.84 37.63 50.74 65.88 82.54100.00
 T=  2625  TD=100.00 82.79 66.34 51.36 38.33 27.55 19.08 12.83  8.60  6.17  5.38  6.17  8.60 12.83 19.08 27.55 38.33 51.36 66.34 82.79100.00
 T=  2700  TD=100.00 83.02 66.79 51.95 39.01 28.25 19.75 13.44  9.14  6.66  5.85  6.66  9.14 13.44 19.75 28.25 39.01 51.95 66.79 83.02100.00
 T=  2775  TD=100.00 83.25 67.21 52.53 39.67 28.93 20.41 14.04  9.69  7.16  6.33  7.16  9.69 14.04 20.41 28.93 39.67 52.53 67.21 83.25100.00
 T=  2850  TD=100.00 83.47 67.62 53.08 40.31 29.60 21.06 14.65 10.23  7.67  6.83  7.67 10.23 14.65 21.06 29.60 40.31 53.08 67.62 83.47100.00
 T=  2925  TD=100.00 83.68 68.02 53.62 40.93 30.26 21.70 15.25 10.79  8.18  7.33  8.18 10.79 15.25 21.70 30.26 40.93 53.62 68.02 83.68100.00
 T=  3000  TD=100.00 83.88 68.40 54.13 41.54 30.90 22.33 15.85 11.34  8.71  7.84  8.71 11.34 15.85 22.33 30.90 41.54 54.13 68.40 83.88100.00

 T=  3000  TE=100.00 83.83 68.33 54.08 41.53 30.96 22.49 16.10 11.68  9.09  8.25  9.09 11.68 16.10 22.49 30.96 41.53 54.08 68.33 83.83100.00

  RMS DIF =  2.0644e-01

