 JMAX=    6  MAXEX=   10  NMAX=  500  TMAX= 4999.00
 S=0.300  ALPH = 1.000e-05  DELT = 1.200e+03  DELX = 2.000e-01

 SCHEME 3.8 S = 0.300

 T=  1200  TD= 50.00 15.00  0.00  0.00 15.00 50.00
 T=  2400  TD=100.00 34.00  3.00  3.00 34.00100.00
 T=  3600  TD=100.00 47.33 10.20 10.20 47.33100.00
 T=  4800  TD=100.00 54.88 20.03 20.03 54.88100.00
 T=  6000  TD=100.00 59.45 30.27 30.27 59.45100.00

 T=  6000  TE=100.00 58.41 33.14 33.14 58.41100.00

  RMS DIF =  1.7623e+00

 JMAX=   11  MAXEX=   10  NMAX=  500  TMAX= 4999.00
 S=0.300  ALPH = 1.000e-05  DELT = 3.000e+02  DELX = 1.000e-01

 SCHEME 3.8 S = 0.300

 T=   300  TD= 50.00 15.00  0.00  0.00  0.00  0.00  0.00  0.00  0.00 15.00 50.00
 T=   600  TD=100.00 34.00  3.00  0.00  0.00  0.00  0.00  0.00  3.00 34.00100.00
 T=   900  TD=100.00 47.33  9.60  0.60  0.00  0.00  0.00  0.60  9.60 47.33100.00
 T=  1200  TD=100.00 54.76 17.55  2.48  0.12  0.00  0.12  2.48 17.55 54.76100.00
 T=  1500  TD=100.00 58.85 24.63  5.65  0.61  0.05  0.61  5.65 24.63 58.85100.00
 T=  1800  TD=100.00 61.59 30.03  9.49  1.67  0.29  1.67  9.49 30.03 61.59100.00
 T=  2100  TD=100.00 63.88 34.04 13.32  3.31  0.92  3.31 13.32 34.04 63.88100.00
 T=  2400  TD=100.00 65.90 37.20 16.73  5.38  2.09  5.38 16.73 37.20 65.90100.00
 T=  2700  TD=100.00 67.65 39.90 19.70  7.68  3.79  7.68 19.70 39.90 67.65100.00
 T=  3000  TD=100.00 69.15 42.31 22.32 10.07  5.92 10.07 22.32 42.31 69.15100.00
 T=  3300  TD=100.00 70.46 44.48 24.74 12.49  8.29 12.49 24.74 44.48 70.46100.00
 T=  3600  TD=100.00 71.60 46.45 27.05 14.91 10.76 14.91 27.05 46.45 71.60100.00
 T=  3900  TD=100.00 72.64 48.26 29.27 17.31 13.24 17.31 29.27 48.26 72.64100.00
 T=  4200  TD=100.00 73.58 49.94 31.42 19.69 15.70 19.69 31.42 49.94 73.58100.00
 T=  4500  TD=100.00 74.45 51.52 33.49 22.03 18.11 22.03 33.49 51.52 74.45100.00
 T=  4800  TD=100.00 75.26 53.03 35.50 24.32 20.48 24.32 35.50 53.03 75.26100.00
 T=  5100  TD=100.00 76.04 54.47 37.44 26.55 22.81 26.55 37.44 54.47 76.04100.00

 T=  5100  TE=100.00 75.85 54.32 37.59 27.07 23.49 27.07 37.59 54.32 75.85100.00

  RMS DIF =  3.2555e-01

 JMAX=   21  MAXEX=   10  NMAX=  500  TMAX= 4999.00
 S=0.300  ALPH = 1.000e-05  DELT = 7.500e+01  DELX = 5.000e-02

 SCHEME 3.8 S = 0.300

 T=    75  TD= 50.00 15.00  0.00  0.00  0.00  0.00  0.00  0.00  0.00  0.00  0.00  0.00  0.00  0.00  0.00  0.00  0.00  0.00  0.00 15.00 50.00
 T=   150  TD=100.00 34.00  3.00  0.00  0.00  0.00  0.00  0.00  0.00  0.00  0.00  0.00  0.00  0.00  0.00  0.00  0.00  0.00  3.00 34.00100.00
 T=   225  TD=100.00 47.33  9.60  0.60  0.00  0.00  0.00  0.00  0.00  0.00  0.00  0.00  0.00  0.00  0.00  0.00  0.00  0.60  9.60 47.33100.00
 T=   300  TD=100.00 54.76 17.55  2.48  0.12  0.00  0.00  0.00  0.00  0.00  0.00  0.00  0.00  0.00  0.00  0.00  0.12  2.48 17.55 54.76100.00
 T=   375  TD=100.00 58.85 24.63  5.65  0.61  0.02  0.00  0.00  0.00  0.00  0.00  0.00  0.00  0.00  0.00  0.02  0.61  5.65 24.63 58.85100.00
 T=   450  TD=100.00 61.59 30.03  9.49  1.66  0.14  0.00  0.00  0.00  0.00  0.00  0.00  0.00  0.00  0.00  0.14  1.66  9.49 30.03 61.59100.00
 T=   525  TD=100.00 63.88 34.04 13.32  3.28  0.46  0.03  0.00  0.00  0.00  0.00  0.00  0.00  0.00  0.03  0.46  3.28 13.32 34.04 63.88100.00
 T=   600  TD=100.00 65.90 37.20 16.73  5.26  1.04  0.12  0.01  0.00  0.00  0.00  0.00  0.00  0.01  0.12  1.04  5.26 16.73 37.20 65.90100.00
 T=   675  TD=100.00 67.65 39.90 19.66  7.37  1.90  0.31  0.03  0.00  0.00  0.00  0.00  0.00  0.03  0.31  1.90  7.37 19.66 39.90 67.65100.00
 T=   750  TD=100.00 69.15 42.30 22.23  9.44  2.96  0.64  0.09  0.01  0.00  0.00  0.00  0.01  0.09  0.64  2.96  9.44 22.23 42.30 69.15100.00
 T=   825  TD=100.00 70.45 44.46 24.54 11.39  4.14  1.10  0.20  0.02  0.00  0.00  0.00  0.02  0.20  1.10  4.14 11.39 24.54 44.46 70.45100.00
 T=   900  TD=100.00 71.60 46.39 26.66 13.22  5.38  1.68  0.38  0.06  0.01  0.00  0.01  0.06  0.38  1.68  5.38 13.22 26.66 46.39 71.60100.00
 T=   975  TD=100.00 72.62 48.13 28.63 14.95  6.62  2.36  0.64  0.13  0.02  0.00  0.02  0.13  0.64  2.36  6.62 14.95 28.63 48.13 72.62100.00
 T=  1050  TD=100.00 73.54 49.71 30.45 16.60  7.85  3.09  0.97  0.23  0.04  0.01  0.04  0.23  0.97  3.09  7.85 16.60 30.45 49.71 73.54100.00
 T=  1125  TD=100.00 74.37 51.15 32.14 18.17  9.06  3.86  1.35  0.37  0.08  0.02  0.08  0.37  1.35  3.86  9.06 18.17 32.14 51.15 74.37100.00
 T=  1200  TD=100.00 75.13 52.47 33.71 19.66 10.24  4.66  1.79  0.56  0.14  0.05  0.14  0.56  1.79  4.66 10.24 19.66 33.71 52.47 75.13100.00
 T=  1275  TD=100.00 75.83 53.69 35.18 21.09 11.40  5.46  2.26  0.78  0.23  0.10  0.23  0.78  2.26  5.46 11.40 21.09 35.18 53.69 75.83100.00
 T=  1350  TD=100.00 76.47 54.82 36.55 22.44 12.54  6.28  2.76  1.04  0.34  0.16  0.34  1.04  2.76  6.28 12.54 22.44 36.55 54.82 76.47100.00
 T=  1425  TD=100.00 77.06 55.87 37.84 23.74 13.65  7.10  3.29  1.33  0.48  0.26  0.48  1.33  3.29  7.10 13.65 23.74 37.84 55.87 77.06100.00
 T=  1500  TD=100.00 77.61 56.85 39.06 24.97 14.72  7.92  3.84  1.65  0.65  0.38  0.65  1.65  3.84  7.92 14.72 24.97 39.06 56.85 77.61100.00
 T=  1575  TD=100.00 78.12 57.77 40.20 26.15 15.77  8.74  4.40  1.99  0.86  0.53  0.86  1.99  4.40  8.74 15.77 26.15 40.20 57.77 78.12100.00
 T=  1650  TD=100.00 78.60 58.63 41.29 27.28 16.79  9.55  4.97  2.36  1.09  0.71  1.09  2.36  4.97  9.55 16.79 27.28 41.29 58.63 78.60100.00
 T=  1725  TD=100.00 79.04 59.44 42.32 28.36 17.78 10.35  5.56  2.75  1.34  0.92  1.34  2.75  5.56 10.35 17.78 28.36 42.32 59.44 79.04100.00
 T=  1800  TD=100.00 79.46 60.21 43.29 29.39 18.74 11.15  6.15  3.16  1.63  1.16  1.63  3.16  6.15 11.15 18.74 29.39 43.29 60.21 79.46100.00
 T=  1875  TD=100.00 79.86 60.93 44.22 30.39 19.67 11.93  6.75  3.59  1.93  1.43  1.93  3.59  6.75 11.93 19.67 30.39 44.22 60.93 79.86100.00
 T=  1950  TD=100.00 80.23 61.62 45.11 31.34 20.58 12.70  7.35  4.03  2.27  1.72  2.27  4.03  7.35 12.70 20.58 31.34 45.11 61.62 80.23100.00
 T=  2025  TD=100.00 80.59 62.27 45.95 32.26 21.46 13.47  7.96  4.49  2.62  2.03  2.62  4.49  7.96 13.47 21.46 32.26 45.95 62.27 80.59100.00
 T=  2100  TD=100.00 80.92 62.88 46.76 33.14 22.31 14.22  8.57  4.96  2.99  2.37  2.99  4.96  8.57 14.22 22.31 33.14 46.76 62.88 80.92100.00
 T=  2175  TD=100.00 81.24 63.47 47.53 34.00 23.15 14.96  9.18  5.45  3.39  2.74  3.39  5.45  9.18 14.96 23.15 34.00 47.53 63.47 81.24100.00
 T=  2250  TD=100.00 81.55 64.03 48.27 34.82 23.96 15.69  9.79  5.94  3.80  3.12  3.80  5.94  9.79 15.69 23.96 34.82 48.27 64.03 81.55100.00
 T=  2325  TD=100.00 81.84 64.57 48.98 35.61 24.74 16.40 10.41  6.45  4.23  3.52  4.23  6.45 10.41 16.40 24.74 35.61 48.98 64.57 81.84100.00
 T=  2400  TD=100.00 82.11 65.08 49.66 36.37 25.51 17.11 11.02  6.97  4.68  3.94  4.68  6.97 11.02 17.11 25.51 36.37 49.66 65.08 82.11100.00
 T=  2475  TD=100.00 82.38 65.58 50.31 37.11 26.26 17.81 11.63  7.49  5.13  4.37  5.13  7.49 11.63 17.81 26.26 37.11 50.31 65.58 82.38100.00
 T=  2550  TD=100.00 82.63 66.05 50.94 37.83 26.99 18.50 12.24  8.02  5.61  4.82  5.61  8.02 12.24 18.50 26.99 37.83 50.94 66.05 82.63100.00
 T=  2625  TD=100.00 82.87 66.50 51.55 38.52 27.70 19.17 12.85  8.56  6.09  5.29  6.09  8.56 12.85 19.17 27.70 38.52 51.55 66.50 82.87100.00
 T=  2700  TD=100.00 83.10 66.94 52.14 39.20 28.40 19.84 13.46  9.10  6.58  5.76  6.58  9.10 13.46 19.84 28.40 39.20 52.14 66.94 83.10100.00
 T=  2775  TD=100.00 83.33 67.35 52.70 39.85 29.08 20.50 14.07  9.65  7.09  6.25  7.09  9.65 14.07 20.50 29.08 39.85 52.70 67.35 83.33100.00
 T=  2850  TD=100.00 83.54 67.76 53.25 40.48 29.74 21.15 14.67 10.21  7.60  6.75  7.60 10.21 14.67 21.15 29.74 40.48 53.25 67.76 83.54100.00
 T=  2925  TD=100.00 83.75 68.15 53.78 41.10 30.39 21.79 15.28 10.76  8.12  7.26  8.12 10.76 15.28 21.79 30.39 41.10 53.78 68.15 83.75100.00
 T=  3000  TD=100.00 83.95 68.53 54.30 41.70 31.03 22.42 15.88 11.32  8.65  7.77  8.65 11.32 15.88 22.42 31.03 41.70 54.30 68.53 83.95100.00
 T=  3075  TD=100.00 84.14 68.89 54.79 42.29 31.66 23.05 16.48 11.89  9.19  8.30  9.19 11.89 16.48 23.05 31.66 42.29 54.79 68.89 84.14100.00
 T=  3150  TD=100.00 84.33 69.24 55.28 42.86 32.27 23.66 17.07 12.45  9.73  8.83  9.73 12.45 17.07 23.66 32.27 42.86 55.28 69.24 84.33100.00
 T=  3225  TD=100.00 84.51 69.58 55.75 43.41 32.87 24.27 17.66 13.02 10.27  9.36 10.27 13.02 17.66 24.27 32.87 43.41 55.75 69.58 84.51100.00
 T=  3300  TD=100.00 84.68 69.91 56.20 43.96 33.46 24.87 18.25 13.59 10.82  9.91 10.82 13.59 18.25 24.87 33.46 43.96 56.20 69.91 84.68100.00
 T=  3375  TD=100.00 84.85 70.24 56.65 44.49 34.04 25.47 18.84 14.16 11.38 10.45 11.38 14.16 18.84 25.47 34.04 44.49 56.65 70.24 84.85100.00
 T=  3450  TD=100.00 85.01 70.55 57.08 45.01 34.61 26.05 19.43 14.73 11.93 11.00 11.93 14.73 19.43 26.05 34.61 45.01 57.08 70.55 85.01100.00
 T=  3525  TD=100.00 85.17 70.85 57.51 45.52 35.17 26.63 20.01 15.30 12.49 11.56 12.49 15.30 20.01 26.63 35.17 45.52 57.51 70.85 85.17100.00
 T=  3600  TD=100.00 85.33 71.15 57.92 46.01 35.72 27.21 20.58 15.87 13.05 12.12 13.05 15.87 20.58 27.21 35.72 46.01 57.92 71.15 85.33100.00
 T=  3675  TD=100.00 85.48 71.44 58.32 46.50 36.26 27.78 21.16 16.44 13.62 12.68 13.62 16.44 21.16 27.78 36.26 46.50 58.32 71.44 85.48100.00
 T=  3750  TD=100.00 85.62 71.72 58.71 46.98 36.79 28.34 21.73 17.01 14.18 13.24 14.18 17.01 21.73 28.34 36.79 46.98 58.71 71.72 85.62100.00
 T=  3825  TD=100.00 85.77 71.99 59.10 47.45 37.31 28.89 22.30 17.58 14.75 13.80 14.75 17.58 22.30 28.89 37.31 47.45 59.10 71.99 85.77100.00
 T=  3900  TD=100.00 85.91 72.26 59.47 47.91 37.83 29.44 22.86 18.14 15.31 14.37 15.31 18.14 22.86 29.44 37.83 47.91 59.47 72.26 85.91100.00
 T=  3975  TD=100.00 86.04 72.52 59.84 48.36 38.34 29.99 23.42 18.71 15.88 14.93 15.88 18.71 23.42 29.99 38.34 48.36 59.84 72.52 86.04100.00
 T=  4050  TD=100.00 86.17 72.78 60.21 48.80 38.84 30.53 23.98 19.27 16.44 15.50 16.44 19.27 23.98 30.53 38.84 48.80 60.21 72.78 86.17100.00
 T=  4125  TD=100.00 86.30 73.03 60.56 49.24 39.34 31.06 24.53 19.84 17.01 16.07 17.01 19.84 24.53 31.06 39.34 49.24 60.56 73.03 86.30100.00
 T=  4200  TD=100.00 86.43 73.27 60.91 49.67 39.83 31.59 25.09 20.40 17.58 16.63 17.58 20.40 25.09 31.59 39.83 49.67 60.91 73.27 86.43100.00
 T=  4275  TD=100.00 86.56 73.51 61.25 50.09 40.31 32.11 25.63 20.96 18.14 17.20 18.14 20.96 25.63 32.11 40.31 50.09 61.25 73.51 86.56100.00
 T=  4350  TD=100.00 86.68 73.75 61.58 50.51 40.79 32.63 26.18 21.52 18.70 17.76 18.70 21.52 26.18 32.63 40.79 50.51 61.58 73.75 86.68100.00
 T=  4425  TD=100.00 86.80 73.98 61.91 50.92 41.26 33.14 26.72 22.07 19.27 18.33 19.27 22.07 26.72 33.14 41.26 50.92 61.91 73.98 86.80100.00
 T=  4500  TD=100.00 86.91 74.21 62.24 51.32 41.73 33.65 27.25 22.62 19.83 18.89 19.83 22.62 27.25 33.65 41.73 51.32 62.24 74.21 86.91100.00
 T=  4575  TD=100.00 87.03 74.43 62.56 51.72 42.19 34.16 27.79 23.18 20.39 19.45 20.39 23.18 27.79 34.16 42.19 51.72 62.56 74.43 87.03100.00
 T=  4650  TD=100.00 87.14 74.65 62.87 52.11 42.64 34.66 28.32 23.72 20.94 20.01 20.94 23.72 28.32 34.66 42.64 52.11 62.87 74.65 87.14100.00
 T=  4725  TD=100.00 87.25 74.87 63.18 52.50 43.09 35.15 28.84 24.27 21.50 20.57 21.50 24.27 28.84 35.15 43.09 52.50 63.18 74.87 87.25100.00
 T=  4800  TD=100.00 87.36 75.08 63.48 52.88 43.53 35.64 29.37 24.81 22.05 21.13 22.05 24.81 29.37 35.64 43.53 52.88 63.48 75.08 87.36100.00
 T=  4875  TD=100.00 87.47 75.29 63.78 53.26 43.97 36.13 29.88 25.35 22.61 21.69 22.61 25.35 29.88 36.13 43.97 53.26 63.78 75.29 87.47100.00
 T=  4950  TD=100.00 87.57 75.49 64.08 53.63 44.41 36.61 30.40 25.89 23.15 22.24 23.15 25.89 30.40 36.61 44.41 53.63 64.08 75.49 87.57100.00
 T=  5025  TD=100.00 87.68 75.69 64.37 54.00 44.84 37.09 30.91 26.42 23.70 22.79 23.70 26.42 30.91 37.09 44.84 54.00 64.37 75.69 87.68100.00

 T=  5025  TE=100.00 87.65 75.64 64.31 53.96 44.83 37.12 30.99 26.54 23.85 22.95 23.85 26.54 30.99 37.12 44.83 53.96 64.31 75.64 87.65100.00

  RMS DIF =  7.8958e-02

